<?xml version="1.0" encoding="UTF-8"?>
<!-- Generated by org.testng.reporters.JUnitReportReporter -->
<testsuite skipped="0" hostname="LAPTOP-0O7LBJBK" name="testcases.TestCase3" tests="1" failures="0" timestamp="24 Jul 2018 07:29:26 GMT" time="0.000" errors="0">
  <testcase name="doUserReg" time="0.000" classname="testcases.TestCase3"/>
</testsuite> <!-- testcases.TestCase3 -->
