<?xml version="1.0" encoding="UTF-8"?>
<!-- Generated by org.testng.reporters.JUnitReportReporter -->
<testsuite skipped="0" hostname="LAPTOP-0O7LBJBK" name="testcases.TestCase3Day6" tests="1" failures="0" timestamp="07 Sep 2018 08:37:37 GMT" time="0.002" errors="0">
  <testcase name="doUserReg" time="0.002" classname="testcases.TestCase3Day6"/>
</testsuite> <!-- testcases.TestCase3Day6 -->
