<?xml version="1.0" encoding="UTF-8"?>
<!-- Generated by org.testng.reporters.JUnitReportReporter -->
<testsuite skipped="0" hostname="LAPTOP-0O7LBJBK" name="testcases.TestCase1Day7_TestParameterization" tests="3" failures="0" timestamp="15 Sep 2018 03:46:53 GMT" time="0.016" errors="0">
  <testcase name="doLogin" time="0.006" classname="testcases.TestCase1Day7_TestParameterization"/>
  <testcase name="doLogin" time="0.009" classname="testcases.TestCase1Day7_TestParameterization"/>
  <testcase name="doLogin" time="0.001" classname="testcases.TestCase1Day7_TestParameterization"/>
</testsuite> <!-- testcases.TestCase1Day7_TestParameterization -->
