<?xml version="1.0" encoding="UTF-8"?>
<!-- Generated by org.testng.reporters.JUnitReportReporter -->
<testsuite skipped="0" hostname="LAPTOP-0O7LBJBK" name="testcases.BankManagerLoginTestDay8test" tests="1" failures="0" timestamp="24 Jun 2019 02:52:49 GMT" time="4.029" errors="0">
  <testcase name="loginAsBankManager" time="4.029" classname="testcases.BankManagerLoginTestDay8test"/>
</testsuite> <!-- testcases.BankManagerLoginTestDay8test -->
