<?xml version="1.0" encoding="UTF-8"?>
<!-- Generated by org.testng.reporters.JUnitReportReporter -->
<testsuite skipped="0" hostname="LAPTOP-0O7LBJBK" name="testcases.New1" tests="1" failures="0" timestamp="06 Sep 2018 10:11:38 GMT" time="0.010" errors="0">
  <testcase name="runn" time="0.010" classname="testcases.New1"/>
</testsuite> <!-- testcases.New1 -->
