<?xml version="1.0" encoding="UTF-8"?>
<!-- Generated by org.testng.reporters.JUnitReportReporter -->
<testsuite skipped="0" hostname="LAPTOP-0O7LBJBK" name="testcases.TestCaseDay8_TestParameterization_0" tests="2" failures="0" timestamp="25 Sep 2018 21:33:42 GMT" time="19.468" errors="0">
  <testcase name="doLogin" time="9.294" classname="testcases.TestCaseDay8_TestParameterization_0"/>
  <testcase name="doLogin" time="10.174" classname="testcases.TestCaseDay8_TestParameterization_0"/>
</testsuite> <!-- testcases.TestCaseDay8_TestParameterization_0 -->
