<?xml version="1.0" encoding="UTF-8"?>
<!-- Generated by org.testng.reporters.JUnitReportReporter -->
<testsuite skipped="0" hostname="LAPTOP-0O7LBJBK" name="testcases.TestCase2ADay6" tests="1" failures="0" timestamp="19 Sep 2018 08:58:40 GMT" time="15.083" errors="0">
  <testcase name="testButton" time="15.083" classname="testcases.TestCase2ADay6"/>
</testsuite> <!-- testcases.TestCase2ADay6 -->
