<?xml version="1.0" encoding="UTF-8"?>
<!-- Generated by org.testng.reporters.JUnitReportReporter -->
<testsuite skipped="0" hostname="LAPTOP-0O7LBJBK" name="testcases.OpenAccountTestDay8Test" tests="1" failures="0" timestamp="24 Jun 2019 02:52:49 GMT" time="3.865" errors="0">
  <testcase name="addCustomer" time="3.865" classname="testcases.OpenAccountTestDay8Test"/>
</testsuite> <!-- testcases.OpenAccountTestDay8Test -->
