<?xml version="1.0" encoding="UTF-8"?>
<!-- Generated by org.testng.reporters.JUnitReportReporter -->
<testsuite skipped="0" hostname="LAPTOP-0O7LBJBK" name="testcases.TestCase1Day6" tests="2" failures="0" timestamp="25 Sep 2018 21:09:10 GMT" time="0.010" errors="0">
  <testcase name="doUserReg" time="0.006" classname="testcases.TestCase1Day6"/>
  <testcase name="doLogin" time="0.004" classname="testcases.TestCase1Day6"/>
</testsuite> <!-- testcases.TestCase1Day6 -->
