<?xml version="1.0" encoding="UTF-8"?>
<!-- Generated by org.testng.reporters.JUnitReportReporter -->
<testsuite skipped="0" hostname="LAPTOP-0O7LBJBK" name="testcases.TestCase1Day8_TestParameterization" tests="2" failures="0" timestamp="25 Sep 2018 20:56:23 GMT" time="35.858" errors="0">
  <testcase name="doLogin" time="18.628" classname="testcases.TestCase1Day8_TestParameterization"/>
  <testcase name="doLogin" time="17.230" classname="testcases.TestCase1Day8_TestParameterization"/>
</testsuite> <!-- testcases.TestCase1Day8_TestParameterization -->
