<?xml version="1.0" encoding="UTF-8"?>
<!-- Generated by org.testng.reporters.JUnitReportReporter -->
<testsuite skipped="0" hostname="LAPTOP-0O7LBJBK" name="testcases.OpenAccountTestDay8Test" tests="1" failures="0" timestamp="17 Oct 2018 08:08:21 GMT" time="2.036" errors="0">
  <testcase name="addCustomer" time="2.036" classname="testcases.OpenAccountTestDay8Test"/>
</testsuite> <!-- testcases.OpenAccountTestDay8Test -->
