<?xml version="1.0" encoding="UTF-8"?>
<!-- Generated by org.testng.reporters.JUnitReportReporter -->
<testsuite skipped="0" hostname="LAPTOP-0O7LBJBK" name="testcases.BankManagerLoginTestDay8test" tests="1" failures="0" timestamp="17 Oct 2018 08:08:21 GMT" time="0.809" errors="0">
  <testcase name="loginAsBankManager" time="0.809" classname="testcases.BankManagerLoginTestDay8test"/>
</testsuite> <!-- testcases.BankManagerLoginTestDay8test -->
